usual.obj : error LNK2005: main 已经在 test.obj 中定义
D:\code\初学\Task.1\x64\Debug\Task.1.exe : fatal error LNK1169: 找到一个或多个多重定义的符号
